mode: atomic
github.com/atomikpanda/dotular/internal/platform/platform.go:11.23,13.2 1 1
github.com/atomikpanda/dotular/internal/platform/platform.go:16.37,17.17 1 4
github.com/atomikpanda/dotular/internal/platform/platform.go:17.17,18.48 1 1
github.com/atomikpanda/dotular/internal/platform/platform.go:18.48,20.4 1 1
github.com/atomikpanda/dotular/internal/platform/platform.go:22.2,22.35 1 3
github.com/atomikpanda/dotular/internal/platform/platform.go:22.35,23.48 1 1
github.com/atomikpanda/dotular/internal/platform/platform.go:23.48,25.4 1 1
github.com/atomikpanda/dotular/internal/platform/platform.go:27.2,27.27 1 3
github.com/atomikpanda/dotular/internal/platform/platform.go:32.46,33.17 1 15
github.com/atomikpanda/dotular/internal/platform/platform.go:34.34,35.18 1 3
github.com/atomikpanda/dotular/internal/platform/platform.go:36.34,37.19 1 3
github.com/atomikpanda/dotular/internal/platform/platform.go:38.56,39.17 1 6
github.com/atomikpanda/dotular/internal/platform/platform.go:40.10,41.12 1 3
github.com/atomikpanda/dotular/internal/color/color.go:17.13,18.33 1 3
github.com/atomikpanda/dotular/internal/color/color.go:18.33,20.3 1 1
github.com/atomikpanda/dotular/internal/color/color.go:21.2,21.33 1 2
github.com/atomikpanda/dotular/internal/color/color.go:21.33,23.3 1 1
github.com/atomikpanda/dotular/internal/color/color.go:24.2,25.16 2 1
github.com/atomikpanda/dotular/internal/color/color.go:25.16,27.3 1 0
github.com/atomikpanda/dotular/internal/color/color.go:28.2,28.46 1 1
github.com/atomikpanda/dotular/internal/color/color.go:31.33,32.25 1 14
github.com/atomikpanda/dotular/internal/color/color.go:32.25,34.3 1 4
github.com/atomikpanda/dotular/internal/color/color.go:35.2,35.45 1 10
github.com/atomikpanda/dotular/internal/color/color.go:38.34,38.56 1 3
github.com/atomikpanda/dotular/internal/color/color.go:39.34,39.56 1 2
github.com/atomikpanda/dotular/internal/color/color.go:40.34,40.57 1 2
github.com/atomikpanda/dotular/internal/color/color.go:41.34,41.57 1 1
github.com/atomikpanda/dotular/internal/color/color.go:42.34,42.57 1 1
github.com/atomikpanda/dotular/internal/color/color.go:43.34,43.57 1 1
github.com/atomikpanda/dotular/internal/color/color.go:44.34,44.59 1 1
github.com/atomikpanda/dotular/internal/color/color.go:45.34,45.59 1 1
github.com/atomikpanda/dotular/internal/color/color.go:46.34,46.59 1 1
github.com/atomikpanda/dotular/internal/color/color.go:47.34,47.59 1 1
github.com/atomikpanda/dotular/internal/audit/audit.go:25.19,26.21 1 2
github.com/atomikpanda/dotular/internal/audit/audit.go:26.21,28.3 1 1
github.com/atomikpanda/dotular/internal/audit/audit.go:29.2,30.16 2 2
github.com/atomikpanda/dotular/internal/audit/audit.go:30.16,32.3 1 0
github.com/atomikpanda/dotular/internal/audit/audit.go:33.2,33.63 1 2
github.com/atomikpanda/dotular/internal/audit/audit.go:33.63,35.3 1 0
github.com/atomikpanda/dotular/internal/audit/audit.go:36.2,37.16 2 2
github.com/atomikpanda/dotular/internal/audit/audit.go:37.16,39.3 1 0
github.com/atomikpanda/dotular/internal/audit/audit.go:40.2,42.36 3 2
github.com/atomikpanda/dotular/internal/audit/audit.go:47.60,49.16 2 5
github.com/atomikpanda/dotular/internal/audit/audit.go:49.16,51.3 1 0
github.com/atomikpanda/dotular/internal/audit/audit.go:52.2,53.24 2 5
github.com/atomikpanda/dotular/internal/audit/audit.go:53.24,55.3 1 1
github.com/atomikpanda/dotular/internal/audit/audit.go:56.2,56.16 1 4
github.com/atomikpanda/dotular/internal/audit/audit.go:56.16,58.3 1 0
github.com/atomikpanda/dotular/internal/audit/audit.go:59.2,63.21 4 4
github.com/atomikpanda/dotular/internal/audit/audit.go:63.21,65.21 2 1116
github.com/atomikpanda/dotular/internal/audit/audit.go:65.21,66.12 1 0
github.com/atomikpanda/dotular/internal/audit/audit.go:68.3,69.50 2 1116
github.com/atomikpanda/dotular/internal/audit/audit.go:69.50,70.12 1 0
github.com/atomikpanda/dotular/internal/audit/audit.go:72.3,72.53 1 1116
github.com/atomikpanda/dotular/internal/audit/audit.go:72.53,73.12 1 275
github.com/atomikpanda/dotular/internal/audit/audit.go:75.3,75.31 1 841
github.com/atomikpanda/dotular/internal/audit/audit.go:77.2,77.38 1 4
github.com/atomikpanda/dotular/internal/audit/audit.go:77.38,79.3 1 0
github.com/atomikpanda/dotular/internal/audit/audit.go:81.2,81.39 1 4
github.com/atomikpanda/dotular/internal/audit/audit.go:81.39,83.3 1 2
github.com/atomikpanda/dotular/internal/audit/audit.go:84.2,84.21 1 4
github.com/atomikpanda/dotular/internal/audit/audit.go:88.23,91.2 2 1
github.com/atomikpanda/dotular/internal/audit/audit.go:93.32,95.16 2 8
github.com/atomikpanda/dotular/internal/audit/audit.go:95.16,97.3 1 0
github.com/atomikpanda/dotular/internal/audit/audit.go:98.2,98.78 1 8
github.com/atomikpanda/dotular/internal/registry/fetch.go:23.113,29.24 4 0
github.com/atomikpanda/dotular/internal/registry/fetch.go:29.24,31.54 1 0
github.com/atomikpanda/dotular/internal/registry/fetch.go:31.54,33.27 2 0
github.com/atomikpanda/dotular/internal/registry/fetch.go:33.27,38.5 1 0
github.com/atomikpanda/dotular/internal/registry/fetch.go:39.4,39.28 1 0
github.com/atomikpanda/dotular/internal/registry/fetch.go:45.2,46.16 2 0
github.com/atomikpanda/dotular/internal/registry/fetch.go:46.16,48.3 1 0
github.com/atomikpanda/dotular/internal/registry/fetch.go:51.2,52.35 2 0
github.com/atomikpanda/dotular/internal/registry/fetch.go:52.35,57.3 1 0
github.com/atomikpanda/dotular/internal/registry/fetch.go:60.2,65.56 2 0
github.com/atomikpanda/dotular/internal/registry/fetch.go:65.56,68.3 1 0
github.com/atomikpanda/dotular/internal/registry/fetch.go:70.2,71.28 2 0
github.com/atomikpanda/dotular/internal/registry/fetch.go:74.64,76.16 2 3
github.com/atomikpanda/dotular/internal/registry/fetch.go:76.16,78.3 1 0
github.com/atomikpanda/dotular/internal/registry/fetch.go:79.2,82.16 3 3
github.com/atomikpanda/dotular/internal/registry/fetch.go:82.16,84.3 1 0
github.com/atomikpanda/dotular/internal/registry/fetch.go:85.2,87.38 2 3
github.com/atomikpanda/dotular/internal/registry/fetch.go:87.38,89.3 1 1
github.com/atomikpanda/dotular/internal/registry/fetch.go:91.2,93.6 3 2
github.com/atomikpanda/dotular/internal/registry/fetch.go:93.6,95.12 2 2
github.com/atomikpanda/dotular/internal/registry/fetch.go:95.12,97.4 1 2
github.com/atomikpanda/dotular/internal/registry/fetch.go:98.3,98.21 1 2
github.com/atomikpanda/dotular/internal/registry/fetch.go:98.21,99.9 1 2
github.com/atomikpanda/dotular/internal/registry/fetch.go:102.2,102.17 1 2
github.com/atomikpanda/dotular/internal/registry/fetch.go:105.66,107.51 2 5
github.com/atomikpanda/dotular/internal/registry/fetch.go:107.51,109.3 1 1
github.com/atomikpanda/dotular/internal/registry/fetch.go:110.2,110.27 1 4
github.com/atomikpanda/dotular/internal/registry/fetch.go:113.44,119.2 3 1
github.com/atomikpanda/dotular/internal/registry/fetch.go:121.53,122.63 1 2
github.com/atomikpanda/dotular/internal/registry/fetch.go:122.63,124.3 1 0
github.com/atomikpanda/dotular/internal/registry/fetch.go:125.2,125.40 1 2
github.com/atomikpanda/dotular/internal/registry/fetch.go:129.25,131.16 2 1
github.com/atomikpanda/dotular/internal/registry/fetch.go:131.16,133.3 1 0
github.com/atomikpanda/dotular/internal/registry/fetch.go:134.2,134.75 1 1
github.com/atomikpanda/dotular/internal/registry/fetch.go:138.42,140.33 2 2
github.com/atomikpanda/dotular/internal/registry/fetch.go:140.33,142.3 1 2
github.com/atomikpanda/dotular/internal/registry/fetch.go:143.2,143.13 1 2
github.com/atomikpanda/dotular/internal/registry/fetch.go:147.78,149.33 2 1
github.com/atomikpanda/dotular/internal/registry/fetch.go:149.33,150.23 1 3
github.com/atomikpanda/dotular/internal/registry/fetch.go:150.23,152.4 1 1
github.com/atomikpanda/dotular/internal/registry/fetch.go:154.2,154.15 1 1
github.com/atomikpanda/dotular/internal/registry/fetch.go:158.59,160.34 2 1
github.com/atomikpanda/dotular/internal/registry/fetch.go:160.34,161.21 1 3
github.com/atomikpanda/dotular/internal/registry/fetch.go:161.21,163.4 1 2
github.com/atomikpanda/dotular/internal/registry/fetch.go:165.2,165.13 1 1
github.com/atomikpanda/dotular/internal/registry/lock.go:26.41,29.2 2 3
github.com/atomikpanda/dotular/internal/registry/lock.go:32.47,34.24 2 8
github.com/atomikpanda/dotular/internal/registry/lock.go:34.24,36.3 1 5
github.com/atomikpanda/dotular/internal/registry/lock.go:37.2,37.16 1 3
github.com/atomikpanda/dotular/internal/registry/lock.go:37.16,39.3 1 0
github.com/atomikpanda/dotular/internal/registry/lock.go:40.2,41.50 2 3
github.com/atomikpanda/dotular/internal/registry/lock.go:41.50,43.3 1 1
github.com/atomikpanda/dotular/internal/registry/lock.go:44.2,44.24 1 2
github.com/atomikpanda/dotular/internal/registry/lock.go:44.24,46.3 1 1
github.com/atomikpanda/dotular/internal/registry/lock.go:47.2,47.17 1 2
github.com/atomikpanda/dotular/internal/registry/lock.go:51.48,53.16 2 1
github.com/atomikpanda/dotular/internal/registry/lock.go:53.16,55.3 1 0
github.com/atomikpanda/dotular/internal/registry/lock.go:56.2,57.55 2 1
github.com/atomikpanda/dotular/internal/registry/lock.go:57.55,59.3 1 0
github.com/atomikpanda/dotular/internal/registry/lock.go:60.2,60.29 1 1
github.com/atomikpanda/dotular/internal/registry/module.go:24.37,25.11 1 4
github.com/atomikpanda/dotular/internal/registry/module.go:26.16,27.20 1 1
github.com/atomikpanda/dotular/internal/registry/module.go:28.17,29.21 1 1
github.com/atomikpanda/dotular/internal/registry/module.go:30.10,31.19 1 2
github.com/atomikpanda/dotular/internal/registry/module.go:65.31,68.34 2 10
github.com/atomikpanda/dotular/internal/registry/module.go:68.34,70.20 2 2
github.com/atomikpanda/dotular/internal/registry/module.go:70.20,72.4 1 1
github.com/atomikpanda/dotular/internal/registry/module.go:72.9,74.4 1 1
github.com/atomikpanda/dotular/internal/registry/module.go:75.3,75.28 1 2
github.com/atomikpanda/dotular/internal/registry/module.go:77.2,80.20 4 8
github.com/atomikpanda/dotular/internal/registry/module.go:80.20,82.3 1 8
github.com/atomikpanda/dotular/internal/registry/module.go:84.2,92.3 2 8
github.com/atomikpanda/dotular/internal/registry/module.go:95.74,96.14 1 8
github.com/atomikpanda/dotular/internal/registry/module.go:97.21,98.42 1 3
github.com/atomikpanda/dotular/internal/registry/module.go:98.42,101.15 2 2
github.com/atomikpanda/dotular/internal/registry/module.go:101.15,103.5 1 1
github.com/atomikpanda/dotular/internal/registry/module.go:104.4,106.24 3 2
github.com/atomikpanda/dotular/internal/registry/module.go:108.3,108.44 1 1
github.com/atomikpanda/dotular/internal/registry/module.go:108.44,110.21 2 1
github.com/atomikpanda/dotular/internal/registry/module.go:110.21,112.5 1 0
github.com/atomikpanda/dotular/internal/registry/module.go:113.4,113.25 1 1
github.com/atomikpanda/dotular/internal/registry/module.go:115.3,115.49 1 0
github.com/atomikpanda/dotular/internal/registry/module.go:117.20,123.16 2 4
github.com/atomikpanda/dotular/internal/registry/module.go:123.16,125.4 1 0
github.com/atomikpanda/dotular/internal/registry/module.go:126.3,128.22 3 4
github.com/atomikpanda/dotular/internal/registry/module.go:128.22,131.4 1 1
github.com/atomikpanda/dotular/internal/registry/module.go:131.9,136.4 3 3
github.com/atomikpanda/dotular/internal/registry/module.go:137.3,137.22 1 4
github.com/atomikpanda/dotular/internal/registry/module.go:139.10,142.20 2 1
github.com/atomikpanda/dotular/internal/registry/module.go:142.20,144.4 1 1
github.com/atomikpanda/dotular/internal/registry/module.go:145.3,145.22 1 1
github.com/atomikpanda/dotular/internal/registry/resolver.go:18.110,21.16 3 2
github.com/atomikpanda/dotular/internal/registry/resolver.go:21.16,23.3 1 0
github.com/atomikpanda/dotular/internal/registry/resolver.go:25.2,28.34 3 2
github.com/atomikpanda/dotular/internal/registry/resolver.go:28.34,29.24 1 1
github.com/atomikpanda/dotular/internal/registry/resolver.go:29.24,31.12 2 1
github.com/atomikpanda/dotular/internal/registry/resolver.go:34.3,35.17 2 0
github.com/atomikpanda/dotular/internal/registry/resolver.go:35.17,37.4 1 0
github.com/atomikpanda/dotular/internal/registry/resolver.go:39.3,39.16 1 0
github.com/atomikpanda/dotular/internal/registry/resolver.go:40.18,41.92 1 0
github.com/atomikpanda/dotular/internal/registry/resolver.go:42.16,43.58 1 0
github.com/atomikpanda/dotular/internal/registry/resolver.go:46.3,49.17 3 0
github.com/atomikpanda/dotular/internal/registry/resolver.go:49.17,51.4 1 0
github.com/atomikpanda/dotular/internal/registry/resolver.go:53.3,56.21 3 0
github.com/atomikpanda/dotular/internal/registry/resolver.go:56.21,58.4 1 0
github.com/atomikpanda/dotular/internal/registry/resolver.go:60.3,67.19 2 0
github.com/atomikpanda/dotular/internal/registry/resolver.go:70.2,70.15 1 2
github.com/atomikpanda/dotular/internal/registry/resolver.go:70.15,71.50 1 0
github.com/atomikpanda/dotular/internal/registry/resolver.go:71.50,73.4 1 0
github.com/atomikpanda/dotular/internal/registry/resolver.go:76.2,76.20 1 2
github.com/atomikpanda/dotular/internal/registry/resolver.go:80.79,82.27 2 2
github.com/atomikpanda/dotular/internal/registry/resolver.go:82.27,84.3 1 2
github.com/atomikpanda/dotular/internal/registry/resolver.go:85.2,85.25 1 2
github.com/atomikpanda/dotular/internal/registry/resolver.go:85.25,87.3 1 2
github.com/atomikpanda/dotular/internal/registry/resolver.go:88.2,88.15 1 2
github.com/atomikpanda/dotular/internal/registry/resolver.go:92.85,94.29 2 1
github.com/atomikpanda/dotular/internal/registry/resolver.go:94.29,96.17 2 1
github.com/atomikpanda/dotular/internal/registry/resolver.go:96.17,98.4 1 0
github.com/atomikpanda/dotular/internal/registry/resolver.go:99.3,99.33 1 1
github.com/atomikpanda/dotular/internal/registry/resolver.go:101.2,101.22 1 1
github.com/atomikpanda/dotular/internal/registry/resolver.go:106.66,107.25 1 2
github.com/atomikpanda/dotular/internal/registry/resolver.go:107.25,109.3 1 1
github.com/atomikpanda/dotular/internal/registry/resolver.go:111.2,113.31 3 1
github.com/atomikpanda/dotular/internal/registry/resolver.go:113.31,115.3 1 2
github.com/atomikpanda/dotular/internal/registry/resolver.go:117.2,120.28 3 1
github.com/atomikpanda/dotular/internal/registry/resolver.go:120.28,122.35 2 3
github.com/atomikpanda/dotular/internal/registry/resolver.go:122.35,125.4 2 1
github.com/atomikpanda/dotular/internal/registry/resolver.go:125.9,127.4 1 2
github.com/atomikpanda/dotular/internal/registry/resolver.go:131.2,131.31 1 1
github.com/atomikpanda/dotular/internal/registry/resolver.go:131.31,133.19 2 2
github.com/atomikpanda/dotular/internal/registry/resolver.go:133.19,135.4 1 1
github.com/atomikpanda/dotular/internal/registry/resolver.go:138.2,138.15 1 1
github.com/atomikpanda/dotular/internal/config/config.go:44.35,44.58 1 2
github.com/atomikpanda/dotular/internal/config/config.go:113.29,114.9 1 16
github.com/atomikpanda/dotular/internal/config/config.go:115.23,116.19 1 2
github.com/atomikpanda/dotular/internal/config/config.go:117.22,118.18 1 2
github.com/atomikpanda/dotular/internal/config/config.go:119.23,120.19 1 2
github.com/atomikpanda/dotular/internal/config/config.go:121.20,122.16 1 2
github.com/atomikpanda/dotular/internal/config/config.go:123.25,124.21 1 2
github.com/atomikpanda/dotular/internal/config/config.go:125.22,126.18 1 2
github.com/atomikpanda/dotular/internal/config/config.go:127.19,128.15 1 2
github.com/atomikpanda/dotular/internal/config/config.go:129.10,130.19 1 2
github.com/atomikpanda/dotular/internal/config/config.go:136.37,137.18 1 8
github.com/atomikpanda/dotular/internal/config/config.go:138.17,139.19 1 1
github.com/atomikpanda/dotular/internal/config/config.go:140.16,141.18 1 1
github.com/atomikpanda/dotular/internal/config/config.go:142.17,143.19 1 1
github.com/atomikpanda/dotular/internal/config/config.go:144.14,145.16 1 1
github.com/atomikpanda/dotular/internal/config/config.go:146.19,147.21 1 1
github.com/atomikpanda/dotular/internal/config/config.go:148.16,149.18 1 1
github.com/atomikpanda/dotular/internal/config/config.go:150.13,151.15 1 1
github.com/atomikpanda/dotular/internal/config/config.go:152.10,153.12 1 1
github.com/atomikpanda/dotular/internal/config/config.go:159.43,160.21 1 5
github.com/atomikpanda/dotular/internal/config/config.go:161.22,162.21 1 2
github.com/atomikpanda/dotular/internal/config/config.go:163.10,164.16 1 3
github.com/atomikpanda/dotular/internal/config/config.go:179.48,180.14 1 4
github.com/atomikpanda/dotular/internal/config/config.go:181.16,182.17 1 1
github.com/atomikpanda/dotular/internal/config/config.go:183.17,184.19 1 1
github.com/atomikpanda/dotular/internal/config/config.go:185.15,186.17 1 1
github.com/atomikpanda/dotular/internal/config/config.go:187.10,188.12 1 1
github.com/atomikpanda/dotular/internal/config/config.go:193.36,195.2 1 2
github.com/atomikpanda/dotular/internal/config/config.go:199.61,200.20 1 5
github.com/atomikpanda/dotular/internal/config/config.go:201.23,205.13 4 3
github.com/atomikpanda/dotular/internal/config/config.go:206.24,209.48 1 1
github.com/atomikpanda/dotular/internal/config/config.go:209.48,214.39 4 3
github.com/atomikpanda/dotular/internal/config/config.go:214.39,216.5 1 0
github.com/atomikpanda/dotular/internal/config/config.go:217.4,217.15 1 3
github.com/atomikpanda/dotular/internal/config/config.go:218.17,219.16 1 1
github.com/atomikpanda/dotular/internal/config/config.go:220.19,221.18 1 1
github.com/atomikpanda/dotular/internal/config/config.go:222.17,223.16 1 1
github.com/atomikpanda/dotular/internal/config/config.go:226.3,226.13 1 1
github.com/atomikpanda/dotular/internal/config/config.go:227.10,228.90 1 1
github.com/atomikpanda/dotular/internal/config/config.go:233.49,235.65 1 2
github.com/atomikpanda/dotular/internal/config/config.go:235.65,237.3 1 1
github.com/atomikpanda/dotular/internal/config/config.go:238.2,242.8 1 1
github.com/atomikpanda/dotular/internal/config/config.go:247.40,249.16 2 6
github.com/atomikpanda/dotular/internal/config/config.go:249.16,251.3 1 1
github.com/atomikpanda/dotular/internal/config/config.go:253.2,254.52 2 5
github.com/atomikpanda/dotular/internal/config/config.go:254.52,256.3 1 1
github.com/atomikpanda/dotular/internal/config/config.go:257.2,257.46 1 4
github.com/atomikpanda/dotular/internal/config/config.go:257.46,259.3 1 1
github.com/atomikpanda/dotular/internal/config/config.go:261.2,264.18 3 3
github.com/atomikpanda/dotular/internal/config/config.go:265.24,266.42 1 2
github.com/atomikpanda/dotular/internal/config/config.go:266.42,268.4 1 0
github.com/atomikpanda/dotular/internal/config/config.go:269.25,270.50 1 1
github.com/atomikpanda/dotular/internal/config/config.go:270.50,272.4 1 0
github.com/atomikpanda/dotular/internal/config/config.go:273.10,274.98 1 0
github.com/atomikpanda/dotular/internal/config/config.go:277.2,277.17 1 3
github.com/atomikpanda/dotular/internal/config/config.go:281.45,282.27 1 2
github.com/atomikpanda/dotular/internal/config/config.go:282.27,283.32 1 3
github.com/atomikpanda/dotular/internal/config/config.go:283.32,285.4 1 1
github.com/atomikpanda/dotular/internal/config/config.go:287.2,287.12 1 1
github.com/atomikpanda/dotular/internal/shell/shell.go:12.53,15.2 2 4
github.com/atomikpanda/dotular/internal/shell/shell.go:19.76,22.19 3 3
github.com/atomikpanda/dotular/internal/shell/shell.go:22.19,24.3 1 1
github.com/atomikpanda/dotular/internal/shell/shell.go:25.2,25.43 1 2
github.com/atomikpanda/dotular/internal/shell/shell.go:25.43,27.3 1 2
github.com/atomikpanda/dotular/internal/shell/shell.go:28.2,28.22 1 0
github.com/atomikpanda/dotular/internal/shell/shell.go:31.62,32.31 1 7
github.com/atomikpanda/dotular/internal/shell/shell.go:32.31,34.3 1 0
github.com/atomikpanda/dotular/internal/shell/shell.go:35.2,35.54 1 7
github.com/atomikpanda/dotular/internal/ageutil/ageutil.go:23.50,25.16 2 7
github.com/atomikpanda/dotular/internal/ageutil/ageutil.go:25.16,27.3 1 1
github.com/atomikpanda/dotular/internal/ageutil/ageutil.go:29.2,30.16 2 6
github.com/atomikpanda/dotular/internal/ageutil/ageutil.go:30.16,32.3 1 3
github.com/atomikpanda/dotular/internal/ageutil/ageutil.go:34.2,36.16 3 3
github.com/atomikpanda/dotular/internal/ageutil/ageutil.go:36.16,38.3 1 0
github.com/atomikpanda/dotular/internal/ageutil/ageutil.go:39.2,39.46 1 3
github.com/atomikpanda/dotular/internal/ageutil/ageutil.go:39.46,41.3 1 0
github.com/atomikpanda/dotular/internal/ageutil/ageutil.go:42.2,42.34 1 3
github.com/atomikpanda/dotular/internal/ageutil/ageutil.go:42.34,44.3 1 0
github.com/atomikpanda/dotular/internal/ageutil/ageutil.go:46.2,46.46 1 3
github.com/atomikpanda/dotular/internal/ageutil/ageutil.go:51.50,53.16 2 3
github.com/atomikpanda/dotular/internal/ageutil/ageutil.go:53.16,55.3 1 1
github.com/atomikpanda/dotular/internal/ageutil/ageutil.go:57.2,58.16 2 2
github.com/atomikpanda/dotular/internal/ageutil/ageutil.go:58.16,60.3 1 0
github.com/atomikpanda/dotular/internal/ageutil/ageutil.go:62.2,63.16 2 2
github.com/atomikpanda/dotular/internal/ageutil/ageutil.go:63.16,65.3 1 0
github.com/atomikpanda/dotular/internal/ageutil/ageutil.go:66.2,67.16 2 2
github.com/atomikpanda/dotular/internal/ageutil/ageutil.go:67.16,69.3 1 0
github.com/atomikpanda/dotular/internal/ageutil/ageutil.go:71.2,71.44 1 2
github.com/atomikpanda/dotular/internal/ageutil/ageutil.go:75.53,76.24 1 6
github.com/atomikpanda/dotular/internal/ageutil/ageutil.go:76.24,78.17 2 2
github.com/atomikpanda/dotular/internal/ageutil/ageutil.go:78.17,80.4 1 0
github.com/atomikpanda/dotular/internal/ageutil/ageutil.go:81.3,81.33 1 2
github.com/atomikpanda/dotular/internal/ageutil/ageutil.go:84.2,85.16 2 4
github.com/atomikpanda/dotular/internal/ageutil/ageutil.go:85.16,87.3 1 3
github.com/atomikpanda/dotular/internal/ageutil/ageutil.go:88.2,89.32 2 1
github.com/atomikpanda/dotular/internal/ageutil/ageutil.go:89.32,90.44 1 1
github.com/atomikpanda/dotular/internal/ageutil/ageutil.go:90.44,92.4 1 1
github.com/atomikpanda/dotular/internal/ageutil/ageutil.go:94.2,94.26 1 1
github.com/atomikpanda/dotular/internal/ageutil/ageutil.go:94.26,96.3 1 0
github.com/atomikpanda/dotular/internal/ageutil/ageutil.go:97.2,97.24 1 1
github.com/atomikpanda/dotular/internal/ageutil/ageutil.go:101.52,102.24 1 2
github.com/atomikpanda/dotular/internal/ageutil/ageutil.go:102.24,104.17 2 1
github.com/atomikpanda/dotular/internal/ageutil/ageutil.go:104.17,106.4 1 0
github.com/atomikpanda/dotular/internal/ageutil/ageutil.go:107.3,107.33 1 1
github.com/atomikpanda/dotular/internal/ageutil/ageutil.go:109.2,109.30 1 1
github.com/atomikpanda/dotular/internal/ageutil/ageutil.go:112.59,113.26 1 5
github.com/atomikpanda/dotular/internal/ageutil/ageutil.go:113.26,115.3 1 1
github.com/atomikpanda/dotular/internal/ageutil/ageutil.go:116.2,117.16 2 4
github.com/atomikpanda/dotular/internal/ageutil/ageutil.go:117.16,119.3 1 1
github.com/atomikpanda/dotular/internal/ageutil/ageutil.go:120.2,123.16 3 3
github.com/atomikpanda/dotular/internal/ageutil/ageutil.go:123.16,125.3 1 1
github.com/atomikpanda/dotular/internal/ageutil/ageutil.go:126.2,126.24 1 2
github.com/atomikpanda/dotular/internal/ageutil/ageutil.go:131.34,132.36 1 4
github.com/atomikpanda/dotular/internal/ageutil/ageutil.go:132.36,134.3 1 1
github.com/atomikpanda/dotular/internal/ageutil/ageutil.go:135.2,135.21 1 3
github.com/atomikpanda/dotular/cmd/dotular/main.go:29.13,32.39 3 0
github.com/atomikpanda/dotular/cmd/dotular/main.go:32.39,34.3 1 0
github.com/atomikpanda/dotular/cmd/dotular/main.go:37.33,69.2 8 22
github.com/atomikpanda/dotular/cmd/dotular/main.go:72.42,74.16 2 23
github.com/atomikpanda/dotular/cmd/dotular/main.go:74.16,76.3 1 1
github.com/atomikpanda/dotular/cmd/dotular/main.go:77.2,77.17 1 22
github.com/atomikpanda/dotular/cmd/dotular/main.go:82.71,84.16 2 14
github.com/atomikpanda/dotular/cmd/dotular/main.go:84.16,86.3 1 0
github.com/atomikpanda/dotular/cmd/dotular/main.go:87.2,87.56 1 14
github.com/atomikpanda/dotular/cmd/dotular/main.go:90.50,92.2 1 9
github.com/atomikpanda/dotular/cmd/dotular/main.go:96.32,104.55 1 23
github.com/atomikpanda/dotular/cmd/dotular/main.go:104.55,107.18 3 3
github.com/atomikpanda/dotular/cmd/dotular/main.go:107.18,109.5 1 0
github.com/atomikpanda/dotular/cmd/dotular/main.go:110.4,112.22 2 3
github.com/atomikpanda/dotular/cmd/dotular/main.go:112.22,114.5 1 1
github.com/atomikpanda/dotular/cmd/dotular/main.go:115.4,115.30 1 2
github.com/atomikpanda/dotular/cmd/dotular/main.go:115.30,117.19 2 2
github.com/atomikpanda/dotular/cmd/dotular/main.go:117.19,119.6 1 1
github.com/atomikpanda/dotular/cmd/dotular/main.go:120.5,120.52 1 1
github.com/atomikpanda/dotular/cmd/dotular/main.go:120.52,122.6 1 0
github.com/atomikpanda/dotular/cmd/dotular/main.go:124.4,124.14 1 1
github.com/atomikpanda/dotular/cmd/dotular/main.go:131.59,138.55 1 69
github.com/atomikpanda/dotular/cmd/dotular/main.go:138.55,141.18 3 5
github.com/atomikpanda/dotular/cmd/dotular/main.go:141.18,143.5 1 0
github.com/atomikpanda/dotular/cmd/dotular/main.go:144.4,148.22 4 5
github.com/atomikpanda/dotular/cmd/dotular/main.go:148.22,150.5 1 3
github.com/atomikpanda/dotular/cmd/dotular/main.go:151.4,151.30 1 2
github.com/atomikpanda/dotular/cmd/dotular/main.go:151.30,153.19 2 2
github.com/atomikpanda/dotular/cmd/dotular/main.go:153.19,155.6 1 1
github.com/atomikpanda/dotular/cmd/dotular/main.go:156.5,156.52 1 1
github.com/atomikpanda/dotular/cmd/dotular/main.go:156.52,158.6 1 0
github.com/atomikpanda/dotular/cmd/dotular/main.go:160.4,160.14 1 1
github.com/atomikpanda/dotular/cmd/dotular/main.go:167.31,171.55 1 23
github.com/atomikpanda/dotular/cmd/dotular/main.go:171.55,174.18 3 1
github.com/atomikpanda/dotular/cmd/dotular/main.go:174.18,176.5 1 0
github.com/atomikpanda/dotular/cmd/dotular/main.go:177.4,177.36 1 1
github.com/atomikpanda/dotular/cmd/dotular/main.go:177.36,179.5 1 2
github.com/atomikpanda/dotular/cmd/dotular/main.go:180.4,180.14 1 1
github.com/atomikpanda/dotular/cmd/dotular/main.go:187.33,191.55 1 23
github.com/atomikpanda/dotular/cmd/dotular/main.go:191.55,194.18 3 1
github.com/atomikpanda/dotular/cmd/dotular/main.go:194.18,196.5 1 0
github.com/atomikpanda/dotular/cmd/dotular/main.go:197.4,198.26 2 1
github.com/atomikpanda/dotular/cmd/dotular/main.go:205.35,209.48 1 24
github.com/atomikpanda/dotular/cmd/dotular/main.go:209.48,211.4 1 1
github.com/atomikpanda/dotular/cmd/dotular/main.go:217.33,223.55 1 23
github.com/atomikpanda/dotular/cmd/dotular/main.go:223.55,226.18 3 3
github.com/atomikpanda/dotular/cmd/dotular/main.go:226.18,228.5 1 0
github.com/atomikpanda/dotular/cmd/dotular/main.go:229.4,233.22 4 3
github.com/atomikpanda/dotular/cmd/dotular/main.go:233.22,235.5 1 1
github.com/atomikpanda/dotular/cmd/dotular/main.go:235.10,237.31 2 2
github.com/atomikpanda/dotular/cmd/dotular/main.go:237.31,239.20 2 2
github.com/atomikpanda/dotular/cmd/dotular/main.go:239.20,241.7 1 1
github.com/atomikpanda/dotular/cmd/dotular/main.go:242.6,243.23 2 1
github.com/atomikpanda/dotular/cmd/dotular/main.go:243.23,245.7 1 0
github.com/atomikpanda/dotular/cmd/dotular/main.go:246.6,246.17 1 1
github.com/atomikpanda/dotular/cmd/dotular/main.go:246.17,248.7 1 0
github.com/atomikpanda/dotular/cmd/dotular/main.go:252.4,252.18 1 2
github.com/atomikpanda/dotular/cmd/dotular/main.go:252.18,254.5 1 0
github.com/atomikpanda/dotular/cmd/dotular/main.go:255.4,255.18 1 2
github.com/atomikpanda/dotular/cmd/dotular/main.go:255.18,258.5 2 0
github.com/atomikpanda/dotular/cmd/dotular/main.go:259.4,259.14 1 2
github.com/atomikpanda/dotular/cmd/dotular/main.go:266.34,271.55 1 23
github.com/atomikpanda/dotular/cmd/dotular/main.go:271.55,273.18 2 1
github.com/atomikpanda/dotular/cmd/dotular/main.go:273.18,275.5 1 0
github.com/atomikpanda/dotular/cmd/dotular/main.go:276.4,279.36 4 1
github.com/atomikpanda/dotular/cmd/dotular/main.go:284.34,289.55 1 23
github.com/atomikpanda/dotular/cmd/dotular/main.go:289.55,291.18 2 1
github.com/atomikpanda/dotular/cmd/dotular/main.go:291.18,293.5 1 0
github.com/atomikpanda/dotular/cmd/dotular/main.go:294.4,296.50 3 1
github.com/atomikpanda/dotular/cmd/dotular/main.go:296.50,298.5 1 1
github.com/atomikpanda/dotular/cmd/dotular/main.go:299.4,300.36 2 1
github.com/atomikpanda/dotular/cmd/dotular/main.go:305.44,307.16 2 4
github.com/atomikpanda/dotular/cmd/dotular/main.go:307.16,309.3 1 0
github.com/atomikpanda/dotular/cmd/dotular/main.go:311.2,312.21 2 4
github.com/atomikpanda/dotular/cmd/dotular/main.go:312.21,314.3 1 1
github.com/atomikpanda/dotular/cmd/dotular/main.go:315.2,315.22 1 3
github.com/atomikpanda/dotular/cmd/dotular/main.go:320.30,330.56 2 23
github.com/atomikpanda/dotular/cmd/dotular/main.go:330.56,331.52 1 1
github.com/atomikpanda/dotular/cmd/dotular/main.go:331.52,333.6 1 0
github.com/atomikpanda/dotular/cmd/dotular/main.go:334.5,335.19 2 1
github.com/atomikpanda/dotular/cmd/dotular/main.go:335.19,337.6 1 0
github.com/atomikpanda/dotular/cmd/dotular/main.go:338.5,339.27 2 1
github.com/atomikpanda/dotular/cmd/dotular/main.go:339.27,342.6 2 0
github.com/atomikpanda/dotular/cmd/dotular/main.go:343.5,343.32 1 1
github.com/atomikpanda/dotular/cmd/dotular/main.go:343.32,345.6 1 3
github.com/atomikpanda/dotular/cmd/dotular/main.go:346.5,346.15 1 1
github.com/atomikpanda/dotular/cmd/dotular/main.go:353.56,354.52 1 1
github.com/atomikpanda/dotular/cmd/dotular/main.go:354.52,356.6 1 0
github.com/atomikpanda/dotular/cmd/dotular/main.go:357.5,357.45 1 1
github.com/atomikpanda/dotular/cmd/dotular/main.go:357.45,359.6 1 0
github.com/atomikpanda/dotular/cmd/dotular/main.go:360.5,361.15 2 1
github.com/atomikpanda/dotular/cmd/dotular/main.go:365.2,365.12 1 23
github.com/atomikpanda/dotular/cmd/dotular/main.go:370.30,380.55 3 23
github.com/atomikpanda/dotular/cmd/dotular/main.go:380.55,382.18 2 1
github.com/atomikpanda/dotular/cmd/dotular/main.go:382.18,384.5 1 0
github.com/atomikpanda/dotular/cmd/dotular/main.go:385.4,385.25 1 1
github.com/atomikpanda/dotular/cmd/dotular/main.go:385.25,388.5 2 0
github.com/atomikpanda/dotular/cmd/dotular/main.go:390.4,393.30 3 1
github.com/atomikpanda/dotular/cmd/dotular/main.go:393.30,396.22 3 50
github.com/atomikpanda/dotular/cmd/dotular/main.go:396.22,398.6 1 4
github.com/atomikpanda/dotular/cmd/dotular/main.go:399.5,400.22 2 50
github.com/atomikpanda/dotular/cmd/dotular/main.go:401.20,402.48 1 40
github.com/atomikpanda/dotular/cmd/dotular/main.go:403.20,404.50 1 6
github.com/atomikpanda/dotular/cmd/dotular/main.go:405.20,406.46 1 4
github.com/atomikpanda/dotular/cmd/dotular/main.go:408.5,409.53 1 50
github.com/atomikpanda/dotular/cmd/dotular/main.go:411.4,412.14 2 1
github.com/atomikpanda/dotular/cmd/dotular/main.go:416.2,418.12 3 23
github.com/atomikpanda/dotular/cmd/dotular/main.go:423.35,433.56 2 23
github.com/atomikpanda/dotular/cmd/dotular/main.go:433.56,435.19 2 1
github.com/atomikpanda/dotular/cmd/dotular/main.go:435.19,437.6 1 0
github.com/atomikpanda/dotular/cmd/dotular/main.go:438.5,440.19 3 1
github.com/atomikpanda/dotular/cmd/dotular/main.go:440.19,442.6 1 0
github.com/atomikpanda/dotular/cmd/dotular/main.go:443.5,443.32 1 1
github.com/atomikpanda/dotular/cmd/dotular/main.go:443.32,446.6 2 1
github.com/atomikpanda/dotular/cmd/dotular/main.go:447.5,449.43 3 0
github.com/atomikpanda/dotular/cmd/dotular/main.go:449.43,453.22 4 0
github.com/atomikpanda/dotular/cmd/dotular/main.go:454.22,455.49 1 0
github.com/atomikpanda/dotular/cmd/dotular/main.go:456.23,457.46 1 0
github.com/atomikpanda/dotular/cmd/dotular/main.go:458.14,459.43 1 0
github.com/atomikpanda/dotular/cmd/dotular/main.go:461.6,465.7 1 0
github.com/atomikpanda/dotular/cmd/dotular/main.go:467.5,468.15 2 0
github.com/atomikpanda/dotular/cmd/dotular/main.go:474.56,475.49 1 1
github.com/atomikpanda/dotular/cmd/dotular/main.go:475.49,477.6 1 0
github.com/atomikpanda/dotular/cmd/dotular/main.go:478.5,479.15 2 1
github.com/atomikpanda/dotular/cmd/dotular/main.go:485.56,489.19 3 1
github.com/atomikpanda/dotular/cmd/dotular/main.go:489.19,491.6 1 0
github.com/atomikpanda/dotular/cmd/dotular/main.go:492.5,493.19 2 1
github.com/atomikpanda/dotular/cmd/dotular/main.go:493.19,495.6 1 0
github.com/atomikpanda/dotular/cmd/dotular/main.go:496.5,497.15 2 1
github.com/atomikpanda/dotular/cmd/dotular/main.go:501.2,501.12 1 23
github.com/atomikpanda/dotular/cmd/dotular/main.go:505.40,507.19 2 4
github.com/atomikpanda/dotular/cmd/dotular/main.go:507.19,509.3 1 103
github.com/atomikpanda/dotular/cmd/dotular/main.go:510.2,510.18 1 4
github.com/atomikpanda/dotular/internal/snapshot/snapshot.go:23.31,25.16 2 6
github.com/atomikpanda/dotular/internal/snapshot/snapshot.go:25.16,27.3 1 0
github.com/atomikpanda/dotular/internal/snapshot/snapshot.go:28.2,28.65 1 6
github.com/atomikpanda/dotular/internal/snapshot/snapshot.go:34.46,35.58 1 7
github.com/atomikpanda/dotular/internal/snapshot/snapshot.go:35.58,37.3 1 1
github.com/atomikpanda/dotular/internal/snapshot/snapshot.go:38.2,38.30 1 6
github.com/atomikpanda/dotular/internal/snapshot/snapshot.go:38.30,39.16 1 1
github.com/atomikpanda/dotular/internal/snapshot/snapshot.go:39.16,41.4 1 1
github.com/atomikpanda/dotular/internal/snapshot/snapshot.go:44.2,45.24 2 5
github.com/atomikpanda/dotular/internal/snapshot/snapshot.go:45.24,48.3 2 2
github.com/atomikpanda/dotular/internal/snapshot/snapshot.go:49.2,49.16 1 3
github.com/atomikpanda/dotular/internal/snapshot/snapshot.go:49.16,51.3 1 0
github.com/atomikpanda/dotular/internal/snapshot/snapshot.go:53.2,54.18 2 3
github.com/atomikpanda/dotular/internal/snapshot/snapshot.go:54.18,55.48 1 1
github.com/atomikpanda/dotular/internal/snapshot/snapshot.go:55.48,57.4 1 0
github.com/atomikpanda/dotular/internal/snapshot/snapshot.go:58.8,59.49 1 2
github.com/atomikpanda/dotular/internal/snapshot/snapshot.go:59.49,61.4 1 0
github.com/atomikpanda/dotular/internal/snapshot/snapshot.go:63.2,64.12 2 3
github.com/atomikpanda/dotular/internal/snapshot/snapshot.go:69.36,71.33 2 3
github.com/atomikpanda/dotular/internal/snapshot/snapshot.go:71.33,73.17 2 2
github.com/atomikpanda/dotular/internal/snapshot/snapshot.go:73.17,74.20 1 0
github.com/atomikpanda/dotular/internal/snapshot/snapshot.go:74.20,76.5 1 0
github.com/atomikpanda/dotular/internal/snapshot/snapshot.go:77.4,77.12 1 0
github.com/atomikpanda/dotular/internal/snapshot/snapshot.go:79.3,79.19 1 2
github.com/atomikpanda/dotular/internal/snapshot/snapshot.go:79.19,82.4 2 1
github.com/atomikpanda/dotular/internal/snapshot/snapshot.go:82.9,84.4 1 1
github.com/atomikpanda/dotular/internal/snapshot/snapshot.go:85.3,85.33 1 2
github.com/atomikpanda/dotular/internal/snapshot/snapshot.go:85.33,87.4 1 0
github.com/atomikpanda/dotular/internal/snapshot/snapshot.go:89.2,89.33 1 3
github.com/atomikpanda/dotular/internal/snapshot/snapshot.go:89.33,91.3 1 1
github.com/atomikpanda/dotular/internal/snapshot/snapshot.go:92.2,92.14 1 3
github.com/atomikpanda/dotular/internal/snapshot/snapshot.go:96.36,98.2 1 6
github.com/atomikpanda/dotular/internal/snapshot/snapshot.go:100.37,102.81 2 2
github.com/atomikpanda/dotular/internal/snapshot/snapshot.go:102.81,103.17 1 4
github.com/atomikpanda/dotular/internal/snapshot/snapshot.go:103.17,105.4 1 0
github.com/atomikpanda/dotular/internal/snapshot/snapshot.go:106.3,107.17 2 4
github.com/atomikpanda/dotular/internal/snapshot/snapshot.go:107.17,109.4 1 0
github.com/atomikpanda/dotular/internal/snapshot/snapshot.go:110.3,111.16 2 4
github.com/atomikpanda/dotular/internal/snapshot/snapshot.go:111.16,113.4 1 2
github.com/atomikpanda/dotular/internal/snapshot/snapshot.go:114.3,114.32 1 2
github.com/atomikpanda/dotular/internal/snapshot/snapshot.go:118.38,120.16 2 5
github.com/atomikpanda/dotular/internal/snapshot/snapshot.go:120.16,122.3 1 0
github.com/atomikpanda/dotular/internal/snapshot/snapshot.go:123.2,125.16 3 5
github.com/atomikpanda/dotular/internal/snapshot/snapshot.go:125.16,127.3 1 0
github.com/atomikpanda/dotular/internal/snapshot/snapshot.go:128.2,130.12 3 5
github.com/atomikpanda/dotular/internal/tags/tags.go:20.26,23.2 2 14
github.com/atomikpanda/dotular/internal/tags/tags.go:26.37,28.24 2 6
github.com/atomikpanda/dotular/internal/tags/tags.go:28.24,30.3 1 1
github.com/atomikpanda/dotular/internal/tags/tags.go:31.2,31.16 1 5
github.com/atomikpanda/dotular/internal/tags/tags.go:31.16,33.3 1 0
github.com/atomikpanda/dotular/internal/tags/tags.go:34.2,35.51 2 5
github.com/atomikpanda/dotular/internal/tags/tags.go:35.51,37.3 1 0
github.com/atomikpanda/dotular/internal/tags/tags.go:38.2,38.18 1 5
github.com/atomikpanda/dotular/internal/tags/tags.go:42.37,44.63 2 4
github.com/atomikpanda/dotular/internal/tags/tags.go:44.63,46.3 1 0
github.com/atomikpanda/dotular/internal/tags/tags.go:47.2,48.16 2 4
github.com/atomikpanda/dotular/internal/tags/tags.go:48.16,50.3 1 0
github.com/atomikpanda/dotular/internal/tags/tags.go:51.2,51.40 1 4
github.com/atomikpanda/dotular/internal/tags/tags.go:55.28,57.52 2 2
github.com/atomikpanda/dotular/internal/tags/tags.go:57.52,59.3 1 2
github.com/atomikpanda/dotular/internal/tags/tags.go:60.2,60.13 1 2
github.com/atomikpanda/dotular/internal/tags/tags.go:65.32,66.49 1 2
github.com/atomikpanda/dotular/internal/tags/tags.go:66.49,68.3 1 1
github.com/atomikpanda/dotular/internal/tags/tags.go:69.2,69.49 1 1
github.com/atomikpanda/dotular/internal/tags/tags.go:73.28,75.16 2 2
github.com/atomikpanda/dotular/internal/tags/tags.go:75.16,77.3 1 0
github.com/atomikpanda/dotular/internal/tags/tags.go:78.2,78.36 1 2
github.com/atomikpanda/dotular/internal/tags/tags.go:78.36,80.3 1 1
github.com/atomikpanda/dotular/internal/tags/tags.go:81.2,82.18 2 1
github.com/atomikpanda/dotular/internal/tags/tags.go:90.64,91.32 1 9
github.com/atomikpanda/dotular/internal/tags/tags.go:91.32,92.38 1 4
github.com/atomikpanda/dotular/internal/tags/tags.go:92.38,94.4 1 2
github.com/atomikpanda/dotular/internal/tags/tags.go:96.2,96.24 1 7
github.com/atomikpanda/dotular/internal/tags/tags.go:96.24,98.3 1 3
github.com/atomikpanda/dotular/internal/tags/tags.go:99.2,99.29 1 4
github.com/atomikpanda/dotular/internal/tags/tags.go:99.29,100.38 1 4
github.com/atomikpanda/dotular/internal/tags/tags.go:100.38,102.4 1 2
github.com/atomikpanda/dotular/internal/tags/tags.go:104.2,104.14 1 2
github.com/atomikpanda/dotular/internal/actions/binary.go:32.42,34.21 2 3
github.com/atomikpanda/dotular/internal/actions/binary.go:34.21,36.3 1 1
github.com/atomikpanda/dotular/internal/actions/binary.go:37.2,38.66 2 3
github.com/atomikpanda/dotular/internal/actions/binary.go:41.68,42.12 1 5
github.com/atomikpanda/dotular/internal/actions/binary.go:42.12,45.3 2 1
github.com/atomikpanda/dotular/internal/actions/binary.go:47.2,48.52 2 4
github.com/atomikpanda/dotular/internal/actions/binary.go:48.52,50.3 1 0
github.com/atomikpanda/dotular/internal/actions/binary.go:53.2,54.16 2 4
github.com/atomikpanda/dotular/internal/actions/binary.go:54.16,56.3 1 0
github.com/atomikpanda/dotular/internal/actions/binary.go:57.2,60.62 3 4
github.com/atomikpanda/dotular/internal/actions/binary.go:60.62,63.3 2 1
github.com/atomikpanda/dotular/internal/actions/binary.go:64.2,70.9 4 3
github.com/atomikpanda/dotular/internal/actions/binary.go:71.79,72.69 1 1
github.com/atomikpanda/dotular/internal/actions/binary.go:72.69,74.4 1 0
github.com/atomikpanda/dotular/internal/actions/binary.go:75.40,76.67 1 1
github.com/atomikpanda/dotular/internal/actions/binary.go:76.67,78.4 1 0
github.com/atomikpanda/dotular/internal/actions/binary.go:79.10,81.54 1 1
github.com/atomikpanda/dotular/internal/actions/binary.go:81.54,82.58 1 0
github.com/atomikpanda/dotular/internal/actions/binary.go:82.58,84.5 1 0
github.com/atomikpanda/dotular/internal/actions/binary.go:88.2,88.34 1 3
github.com/atomikpanda/dotular/internal/actions/binary.go:93.70,95.16 2 4
github.com/atomikpanda/dotular/internal/actions/binary.go:95.16,97.3 1 0
github.com/atomikpanda/dotular/internal/actions/binary.go:98.2,101.16 3 4
github.com/atomikpanda/dotular/internal/actions/binary.go:101.16,103.3 1 0
github.com/atomikpanda/dotular/internal/actions/binary.go:104.2,106.38 2 4
github.com/atomikpanda/dotular/internal/actions/binary.go:106.38,108.3 1 1
github.com/atomikpanda/dotular/internal/actions/binary.go:109.2,110.12 2 3
github.com/atomikpanda/dotular/internal/actions/binary.go:115.71,117.16 2 3
github.com/atomikpanda/dotular/internal/actions/binary.go:117.16,119.3 1 0
github.com/atomikpanda/dotular/internal/actions/binary.go:120.2,123.16 3 3
github.com/atomikpanda/dotular/internal/actions/binary.go:123.16,125.3 1 0
github.com/atomikpanda/dotular/internal/actions/binary.go:126.2,129.6 3 3
github.com/atomikpanda/dotular/internal/actions/binary.go:129.6,131.20 2 3
github.com/atomikpanda/dotular/internal/actions/binary.go:131.20,132.9 1 1
github.com/atomikpanda/dotular/internal/actions/binary.go:134.3,134.17 1 2
github.com/atomikpanda/dotular/internal/actions/binary.go:134.17,136.4 1 0
github.com/atomikpanda/dotular/internal/actions/binary.go:137.3,137.34 1 2
github.com/atomikpanda/dotular/internal/actions/binary.go:137.34,138.12 1 0
github.com/atomikpanda/dotular/internal/actions/binary.go:141.3,141.44 1 2
github.com/atomikpanda/dotular/internal/actions/binary.go:141.44,143.4 1 2
github.com/atomikpanda/dotular/internal/actions/binary.go:145.2,145.65 1 1
github.com/atomikpanda/dotular/internal/actions/binary.go:148.69,150.16 2 3
github.com/atomikpanda/dotular/internal/actions/binary.go:150.16,152.3 1 0
github.com/atomikpanda/dotular/internal/actions/binary.go:153.2,155.28 2 3
github.com/atomikpanda/dotular/internal/actions/binary.go:155.28,156.42 1 2
github.com/atomikpanda/dotular/internal/actions/binary.go:156.42,158.18 2 2
github.com/atomikpanda/dotular/internal/actions/binary.go:158.18,160.5 1 0
github.com/atomikpanda/dotular/internal/actions/binary.go:161.4,162.36 2 2
github.com/atomikpanda/dotular/internal/actions/binary.go:165.2,165.61 1 1
github.com/atomikpanda/dotular/internal/actions/binary.go:168.54,170.16 2 4
github.com/atomikpanda/dotular/internal/actions/binary.go:170.16,172.3 1 0
github.com/atomikpanda/dotular/internal/actions/binary.go:173.2,175.12 3 4
github.com/atomikpanda/dotular/internal/actions/binary.go:178.42,180.16 2 8
github.com/atomikpanda/dotular/internal/actions/binary.go:180.16,182.3 1 0
github.com/atomikpanda/dotular/internal/actions/binary.go:183.2,185.16 3 8
github.com/atomikpanda/dotular/internal/actions/binary.go:185.16,187.3 1 0
github.com/atomikpanda/dotular/internal/actions/binary.go:188.2,190.12 3 8
github.com/atomikpanda/dotular/internal/actions/directory.go:41.51,46.21 4 24
github.com/atomikpanda/dotular/internal/actions/directory.go:46.21,48.3 1 1
github.com/atomikpanda/dotular/internal/actions/directory.go:50.2,50.43 1 23
github.com/atomikpanda/dotular/internal/actions/directory.go:50.43,52.3 1 23
github.com/atomikpanda/dotular/internal/actions/directory.go:53.2,53.41 1 0
github.com/atomikpanda/dotular/internal/actions/directory.go:57.48,59.2 1 8
github.com/atomikpanda/dotular/internal/actions/directory.go:61.45,63.12 2 5
github.com/atomikpanda/dotular/internal/actions/directory.go:63.12,65.3 1 1
github.com/atomikpanda/dotular/internal/actions/directory.go:66.2,66.21 1 4
github.com/atomikpanda/dotular/internal/actions/directory.go:67.14,68.59 1 1
github.com/atomikpanda/dotular/internal/actions/directory.go:69.14,70.60 1 1
github.com/atomikpanda/dotular/internal/actions/directory.go:71.10,72.59 1 2
github.com/atomikpanda/dotular/internal/actions/directory.go:77.72,78.13 1 2
github.com/atomikpanda/dotular/internal/actions/directory.go:78.13,80.3 1 1
github.com/atomikpanda/dotular/internal/actions/directory.go:81.2,83.16 3 1
github.com/atomikpanda/dotular/internal/actions/directory.go:83.16,85.3 1 0
github.com/atomikpanda/dotular/internal/actions/directory.go:86.2,87.16 2 1
github.com/atomikpanda/dotular/internal/actions/directory.go:87.16,89.3 1 0
github.com/atomikpanda/dotular/internal/actions/directory.go:90.2,90.25 1 1
github.com/atomikpanda/dotular/internal/actions/directory.go:93.71,97.12 3 8
github.com/atomikpanda/dotular/internal/actions/directory.go:97.12,100.3 2 1
github.com/atomikpanda/dotular/internal/actions/directory.go:102.2,102.12 1 7
github.com/atomikpanda/dotular/internal/actions/directory.go:102.12,103.50 1 1
github.com/atomikpanda/dotular/internal/actions/directory.go:103.50,105.4 1 0
github.com/atomikpanda/dotular/internal/actions/directory.go:106.3,106.44 1 1
github.com/atomikpanda/dotular/internal/actions/directory.go:109.2,109.21 1 6
github.com/atomikpanda/dotular/internal/actions/directory.go:110.14,111.35 1 1
github.com/atomikpanda/dotular/internal/actions/directory.go:112.14,115.10 3 4
github.com/atomikpanda/dotular/internal/actions/directory.go:116.34,117.105 1 1
github.com/atomikpanda/dotular/internal/actions/directory.go:118.33,120.36 2 1
github.com/atomikpanda/dotular/internal/actions/directory.go:121.33,123.36 2 1
github.com/atomikpanda/dotular/internal/actions/directory.go:124.11,127.36 2 1
github.com/atomikpanda/dotular/internal/actions/directory.go:129.10,130.35 1 1
github.com/atomikpanda/dotular/internal/actions/directory.go:136.46,138.16 2 1
github.com/atomikpanda/dotular/internal/actions/directory.go:138.16,140.3 1 0
github.com/atomikpanda/dotular/internal/actions/directory.go:141.2,141.42 1 1
github.com/atomikpanda/dotular/internal/actions/directory.go:141.42,142.36 1 0
github.com/atomikpanda/dotular/internal/actions/directory.go:142.36,143.41 1 0
github.com/atomikpanda/dotular/internal/actions/directory.go:143.41,145.5 1 0
github.com/atomikpanda/dotular/internal/actions/directory.go:146.9,148.4 1 0
github.com/atomikpanda/dotular/internal/actions/directory.go:150.2,150.29 1 1
github.com/atomikpanda/dotular/internal/actions/directory.go:154.37,156.81 2 6
github.com/atomikpanda/dotular/internal/actions/directory.go:156.81,157.17 1 14
github.com/atomikpanda/dotular/internal/actions/directory.go:157.17,159.4 1 0
github.com/atomikpanda/dotular/internal/actions/directory.go:160.3,161.17 2 14
github.com/atomikpanda/dotular/internal/actions/directory.go:161.17,163.4 1 0
github.com/atomikpanda/dotular/internal/actions/directory.go:164.3,165.16 2 14
github.com/atomikpanda/dotular/internal/actions/directory.go:165.16,167.4 1 7
github.com/atomikpanda/dotular/internal/actions/directory.go:168.3,168.36 1 7
github.com/atomikpanda/dotular/internal/actions/directory.go:172.34,175.2 2 11
github.com/atomikpanda/dotular/internal/actions/file.go:49.46,52.72 3 40
github.com/atomikpanda/dotular/internal/actions/file.go:52.72,54.3 1 11
github.com/atomikpanda/dotular/internal/actions/file.go:55.2,55.57 1 29
github.com/atomikpanda/dotular/internal/actions/file.go:59.43,61.2 1 13
github.com/atomikpanda/dotular/internal/actions/file.go:63.40,66.17 3 6
github.com/atomikpanda/dotular/internal/actions/file.go:66.17,68.3 1 1
github.com/atomikpanda/dotular/internal/actions/file.go:69.2,69.12 1 6
github.com/atomikpanda/dotular/internal/actions/file.go:69.12,71.3 1 1
github.com/atomikpanda/dotular/internal/actions/file.go:72.2,72.21 1 5
github.com/atomikpanda/dotular/internal/actions/file.go:73.14,74.63 1 1
github.com/atomikpanda/dotular/internal/actions/file.go:75.14,76.64 1 1
github.com/atomikpanda/dotular/internal/actions/file.go:77.10,78.63 1 3
github.com/atomikpanda/dotular/internal/actions/file.go:84.49,85.35 1 6
github.com/atomikpanda/dotular/internal/actions/file.go:85.35,87.3 1 3
github.com/atomikpanda/dotular/internal/actions/file.go:88.2,90.16 3 3
github.com/atomikpanda/dotular/internal/actions/file.go:90.16,92.3 1 0
github.com/atomikpanda/dotular/internal/actions/file.go:93.2,94.16 2 3
github.com/atomikpanda/dotular/internal/actions/file.go:94.16,96.3 1 1
github.com/atomikpanda/dotular/internal/actions/file.go:97.2,98.20 2 2
github.com/atomikpanda/dotular/internal/actions/file.go:98.20,100.3 1 1
github.com/atomikpanda/dotular/internal/actions/file.go:101.2,101.83 1 1
github.com/atomikpanda/dotular/internal/actions/file.go:105.67,106.13 1 3
github.com/atomikpanda/dotular/internal/actions/file.go:106.13,109.3 1 1
github.com/atomikpanda/dotular/internal/actions/file.go:110.2,113.16 3 2
github.com/atomikpanda/dotular/internal/actions/file.go:113.16,115.3 1 0
github.com/atomikpanda/dotular/internal/actions/file.go:116.2,117.16 2 2
github.com/atomikpanda/dotular/internal/actions/file.go:117.16,119.3 1 0
github.com/atomikpanda/dotular/internal/actions/file.go:120.2,120.29 1 2
github.com/atomikpanda/dotular/internal/actions/file.go:123.66,127.12 3 13
github.com/atomikpanda/dotular/internal/actions/file.go:127.12,129.44 2 1
github.com/atomikpanda/dotular/internal/actions/file.go:129.44,131.4 1 0
github.com/atomikpanda/dotular/internal/actions/file.go:132.3,132.13 1 1
github.com/atomikpanda/dotular/internal/actions/file.go:135.2,135.12 1 12
github.com/atomikpanda/dotular/internal/actions/file.go:135.12,136.50 1 1
github.com/atomikpanda/dotular/internal/actions/file.go:136.50,138.4 1 0
github.com/atomikpanda/dotular/internal/actions/file.go:139.3,139.41 1 1
github.com/atomikpanda/dotular/internal/actions/file.go:142.2,143.21 2 11
github.com/atomikpanda/dotular/internal/actions/file.go:144.14,145.26 1 3
github.com/atomikpanda/dotular/internal/actions/file.go:146.14,147.26 1 5
github.com/atomikpanda/dotular/internal/actions/file.go:148.10,149.32 1 3
github.com/atomikpanda/dotular/internal/actions/file.go:151.2,151.16 1 11
github.com/atomikpanda/dotular/internal/actions/file.go:151.16,153.3 1 4
github.com/atomikpanda/dotular/internal/actions/file.go:155.2,155.37 1 7
github.com/atomikpanda/dotular/internal/actions/file.go:160.60,161.52 1 3
github.com/atomikpanda/dotular/internal/actions/file.go:161.52,163.3 1 0
github.com/atomikpanda/dotular/internal/actions/file.go:164.2,164.17 1 3
github.com/atomikpanda/dotular/internal/actions/file.go:164.17,166.3 1 1
github.com/atomikpanda/dotular/internal/actions/file.go:167.2,167.35 1 2
github.com/atomikpanda/dotular/internal/actions/file.go:170.51,171.51 1 3
github.com/atomikpanda/dotular/internal/actions/file.go:171.51,173.3 1 1
github.com/atomikpanda/dotular/internal/actions/file.go:174.2,174.67 1 2
github.com/atomikpanda/dotular/internal/actions/file.go:174.67,176.3 1 0
github.com/atomikpanda/dotular/internal/actions/file.go:177.2,177.17 1 2
github.com/atomikpanda/dotular/internal/actions/file.go:177.17,179.3 1 1
github.com/atomikpanda/dotular/internal/actions/file.go:180.2,180.35 1 1
github.com/atomikpanda/dotular/internal/actions/file.go:183.51,185.17 2 5
github.com/atomikpanda/dotular/internal/actions/file.go:185.17,187.3 1 0
github.com/atomikpanda/dotular/internal/actions/file.go:189.2,192.9 3 5
github.com/atomikpanda/dotular/internal/actions/file.go:193.33,194.95 1 1
github.com/atomikpanda/dotular/internal/actions/file.go:196.32,197.66 1 1
github.com/atomikpanda/dotular/internal/actions/file.go:197.66,199.4 1 0
github.com/atomikpanda/dotular/internal/actions/file.go:200.3,201.18 2 1
github.com/atomikpanda/dotular/internal/actions/file.go:201.18,203.4 1 0
github.com/atomikpanda/dotular/internal/actions/file.go:204.3,204.36 1 1
github.com/atomikpanda/dotular/internal/actions/file.go:206.32,207.68 1 1
github.com/atomikpanda/dotular/internal/actions/file.go:207.68,209.4 1 0
github.com/atomikpanda/dotular/internal/actions/file.go:210.3,211.18 2 1
github.com/atomikpanda/dotular/internal/actions/file.go:211.18,213.4 1 0
github.com/atomikpanda/dotular/internal/actions/file.go:214.3,214.36 1 1
github.com/atomikpanda/dotular/internal/actions/file.go:216.10,219.17 2 2
github.com/atomikpanda/dotular/internal/actions/file.go:219.17,221.4 1 0
github.com/atomikpanda/dotular/internal/actions/file.go:222.3,222.12 1 2
github.com/atomikpanda/dotular/internal/actions/file.go:222.12,225.4 2 1
github.com/atomikpanda/dotular/internal/actions/file.go:226.3,226.45 1 1
github.com/atomikpanda/dotular/internal/actions/file.go:231.72,232.18 1 2
github.com/atomikpanda/dotular/internal/actions/file.go:232.18,234.3 1 2
github.com/atomikpanda/dotular/internal/actions/file.go:236.2,237.16 2 0
github.com/atomikpanda/dotular/internal/actions/file.go:237.16,239.3 1 0
github.com/atomikpanda/dotular/internal/actions/file.go:240.2,244.55 4 0
github.com/atomikpanda/dotular/internal/actions/file.go:244.55,246.3 1 0
github.com/atomikpanda/dotular/internal/actions/file.go:247.2,247.37 1 0
github.com/atomikpanda/dotular/internal/actions/file.go:250.70,259.16 8 1
github.com/atomikpanda/dotular/internal/actions/file.go:259.16,261.3 1 0
github.com/atomikpanda/dotular/internal/actions/file.go:263.2,263.52 1 1
github.com/atomikpanda/dotular/internal/actions/file.go:264.11,266.18 2 0
github.com/atomikpanda/dotular/internal/actions/file.go:266.18,268.4 1 0
github.com/atomikpanda/dotular/internal/actions/file.go:269.3,269.37 1 0
github.com/atomikpanda/dotular/internal/actions/file.go:270.11,272.18 2 0
github.com/atomikpanda/dotular/internal/actions/file.go:272.18,274.4 1 0
github.com/atomikpanda/dotular/internal/actions/file.go:275.3,275.37 1 0
github.com/atomikpanda/dotular/internal/actions/file.go:276.10,278.13 2 1
github.com/atomikpanda/dotular/internal/actions/file.go:284.62,285.25 1 7
github.com/atomikpanda/dotular/internal/actions/file.go:285.25,287.3 1 6
github.com/atomikpanda/dotular/internal/actions/file.go:288.2,289.16 2 1
github.com/atomikpanda/dotular/internal/actions/file.go:289.16,291.3 1 0
github.com/atomikpanda/dotular/internal/actions/file.go:292.2,293.16 2 1
github.com/atomikpanda/dotular/internal/actions/file.go:293.16,295.3 1 0
github.com/atomikpanda/dotular/internal/actions/file.go:296.2,296.32 1 1
github.com/atomikpanda/dotular/internal/actions/file.go:296.32,297.48 1 1
github.com/atomikpanda/dotular/internal/actions/file.go:297.48,299.4 1 0
github.com/atomikpanda/dotular/internal/actions/file.go:301.2,301.12 1 1
github.com/atomikpanda/dotular/internal/actions/file.go:304.47,306.16 2 4
github.com/atomikpanda/dotular/internal/actions/file.go:306.16,308.3 1 1
github.com/atomikpanda/dotular/internal/actions/file.go:309.2,309.28 1 3
github.com/atomikpanda/dotular/internal/actions/file.go:314.55,315.21 1 1
github.com/atomikpanda/dotular/internal/actions/file.go:315.21,317.3 1 1
github.com/atomikpanda/dotular/internal/actions/file.go:318.2,318.39 1 0
github.com/atomikpanda/dotular/internal/actions/file.go:321.57,322.21 1 1
github.com/atomikpanda/dotular/internal/actions/file.go:322.21,324.3 1 1
github.com/atomikpanda/dotular/internal/actions/file.go:325.2,325.39 1 0
github.com/atomikpanda/dotular/internal/actions/file.go:330.43,332.16 2 3
github.com/atomikpanda/dotular/internal/actions/file.go:332.16,334.3 1 0
github.com/atomikpanda/dotular/internal/actions/file.go:335.2,335.41 1 3
github.com/atomikpanda/dotular/internal/actions/file.go:335.41,336.40 1 1
github.com/atomikpanda/dotular/internal/actions/file.go:336.40,338.4 1 0
github.com/atomikpanda/dotular/internal/actions/file.go:340.2,340.29 1 3
github.com/atomikpanda/dotular/internal/actions/file.go:343.38,345.16 2 6
github.com/atomikpanda/dotular/internal/actions/file.go:345.16,347.3 1 0
github.com/atomikpanda/dotular/internal/actions/file.go:348.2,351.16 3 6
github.com/atomikpanda/dotular/internal/actions/file.go:351.16,353.3 1 0
github.com/atomikpanda/dotular/internal/actions/file.go:354.2,356.44 2 6
github.com/atomikpanda/dotular/internal/actions/file.go:356.44,358.3 1 0
github.com/atomikpanda/dotular/internal/actions/file.go:359.2,359.20 1 6
github.com/atomikpanda/dotular/internal/actions/file.go:362.44,364.16 2 4
github.com/atomikpanda/dotular/internal/actions/file.go:364.16,366.3 1 0
github.com/atomikpanda/dotular/internal/actions/file.go:367.2,368.16 2 4
github.com/atomikpanda/dotular/internal/actions/file.go:368.16,370.3 1 0
github.com/atomikpanda/dotular/internal/actions/file.go:371.2,371.39 1 4
github.com/atomikpanda/dotular/internal/actions/file.go:374.35,377.2 2 12
github.com/atomikpanda/dotular/internal/actions/file.go:379.44,381.20 2 2
github.com/atomikpanda/dotular/internal/actions/file.go:381.20,383.3 1 1
github.com/atomikpanda/dotular/internal/actions/file.go:384.2,384.38 1 1
github.com/atomikpanda/dotular/internal/actions/file.go:384.38,386.3 1 0
github.com/atomikpanda/dotular/internal/actions/file.go:387.2,387.16 1 1
github.com/atomikpanda/dotular/internal/actions/package.go:24.43,26.2 1 1
github.com/atomikpanda/dotular/internal/actions/package.go:28.69,30.16 2 0
github.com/atomikpanda/dotular/internal/actions/package.go:30.16,32.3 1 0
github.com/atomikpanda/dotular/internal/actions/package.go:33.2,33.12 1 0
github.com/atomikpanda/dotular/internal/actions/package.go:33.12,36.3 2 0
github.com/atomikpanda/dotular/internal/actions/package.go:37.2,41.18 5 0
github.com/atomikpanda/dotular/internal/actions/package.go:46.70,48.17 2 0
github.com/atomikpanda/dotular/internal/actions/package.go:48.17,50.3 1 0
github.com/atomikpanda/dotular/internal/actions/package.go:51.2,53.16 3 0
github.com/atomikpanda/dotular/internal/actions/package.go:53.16,55.3 1 0
github.com/atomikpanda/dotular/internal/actions/package.go:56.2,56.40 1 0
github.com/atomikpanda/dotular/internal/actions/package.go:56.40,58.3 1 0
github.com/atomikpanda/dotular/internal/actions/package.go:60.2,60.19 1 0
github.com/atomikpanda/dotular/internal/actions/package.go:65.46,66.17 1 15
github.com/atomikpanda/dotular/internal/actions/package.go:67.14,68.52 1 1
github.com/atomikpanda/dotular/internal/actions/package.go:69.19,70.49 1 1
github.com/atomikpanda/dotular/internal/actions/package.go:71.13,72.33 1 1
github.com/atomikpanda/dotular/internal/actions/package.go:73.16,74.55 1 1
github.com/atomikpanda/dotular/internal/actions/package.go:75.15,76.56 1 1
github.com/atomikpanda/dotular/internal/actions/package.go:77.15,78.40 1 1
github.com/atomikpanda/dotular/internal/actions/package.go:79.24,80.37 1 2
github.com/atomikpanda/dotular/internal/actions/package.go:81.13,82.36 1 1
github.com/atomikpanda/dotular/internal/actions/package.go:83.13,84.36 1 1
github.com/atomikpanda/dotular/internal/actions/package.go:85.16,86.39 1 1
github.com/atomikpanda/dotular/internal/actions/package.go:87.14,88.39 1 1
github.com/atomikpanda/dotular/internal/actions/package.go:89.17,90.42 1 1
github.com/atomikpanda/dotular/internal/actions/package.go:91.10,92.13 1 2
github.com/atomikpanda/dotular/internal/actions/package.go:97.57,98.17 1 15
github.com/atomikpanda/dotular/internal/actions/package.go:99.14,100.47 1 1
github.com/atomikpanda/dotular/internal/actions/package.go:101.19,102.57 1 1
github.com/atomikpanda/dotular/internal/actions/package.go:103.13,104.46 1 1
github.com/atomikpanda/dotular/internal/actions/package.go:105.16,106.93 1 1
github.com/atomikpanda/dotular/internal/actions/package.go:107.15,108.54 1 1
github.com/atomikpanda/dotular/internal/actions/package.go:109.15,110.48 1 1
github.com/atomikpanda/dotular/internal/actions/package.go:111.24,112.64 1 2
github.com/atomikpanda/dotular/internal/actions/package.go:113.13,114.60 1 1
github.com/atomikpanda/dotular/internal/actions/package.go:115.13,116.60 1 1
github.com/atomikpanda/dotular/internal/actions/package.go:117.16,118.67 1 1
github.com/atomikpanda/dotular/internal/actions/package.go:119.14,120.55 1 1
github.com/atomikpanda/dotular/internal/actions/package.go:121.17,122.56 1 1
github.com/atomikpanda/dotular/internal/actions/package.go:123.13,124.46 1 1
github.com/atomikpanda/dotular/internal/actions/package.go:125.10,126.65 1 1
github.com/atomikpanda/dotular/internal/actions/run.go:29.39,31.19 2 3
github.com/atomikpanda/dotular/internal/actions/run.go:31.19,33.3 1 1
github.com/atomikpanda/dotular/internal/actions/run.go:34.2,34.50 1 3
github.com/atomikpanda/dotular/internal/actions/run.go:37.65,38.12 1 3
github.com/atomikpanda/dotular/internal/actions/run.go:38.12,41.3 2 1
github.com/atomikpanda/dotular/internal/actions/run.go:43.2,44.31 2 2
github.com/atomikpanda/dotular/internal/actions/run.go:44.31,46.3 1 0
github.com/atomikpanda/dotular/internal/actions/run.go:46.8,48.3 1 2
github.com/atomikpanda/dotular/internal/actions/run.go:49.2,52.18 4 2
github.com/atomikpanda/dotular/internal/actions/script.go:21.42,23.2 1 1
github.com/atomikpanda/dotular/internal/actions/script.go:25.68,26.12 1 5
github.com/atomikpanda/dotular/internal/actions/script.go:26.12,29.3 2 1
github.com/atomikpanda/dotular/internal/actions/script.go:30.2,30.15 1 4
github.com/atomikpanda/dotular/internal/actions/script.go:31.16,32.40 1 1
github.com/atomikpanda/dotular/internal/actions/script.go:33.19,34.39 1 2
github.com/atomikpanda/dotular/internal/actions/script.go:35.10,36.89 1 1
github.com/atomikpanda/dotular/internal/actions/script.go:40.61,42.16 2 1
github.com/atomikpanda/dotular/internal/actions/script.go:42.16,44.3 1 0
github.com/atomikpanda/dotular/internal/actions/script.go:45.2,46.16 2 1
github.com/atomikpanda/dotular/internal/actions/script.go:46.16,48.3 1 0
github.com/atomikpanda/dotular/internal/actions/script.go:49.2,52.16 3 1
github.com/atomikpanda/dotular/internal/actions/script.go:52.16,54.3 1 0
github.com/atomikpanda/dotular/internal/actions/script.go:56.2,57.16 2 1
github.com/atomikpanda/dotular/internal/actions/script.go:57.16,59.3 1 0
github.com/atomikpanda/dotular/internal/actions/script.go:60.2,62.45 2 1
github.com/atomikpanda/dotular/internal/actions/script.go:62.45,64.3 1 0
github.com/atomikpanda/dotular/internal/actions/script.go:65.2,65.36 1 1
github.com/atomikpanda/dotular/internal/actions/script.go:65.36,67.3 1 0
github.com/atomikpanda/dotular/internal/actions/script.go:68.2,68.52 1 1
github.com/atomikpanda/dotular/internal/actions/script.go:68.52,70.3 1 0
github.com/atomikpanda/dotular/internal/actions/script.go:72.2,72.36 1 1
github.com/atomikpanda/dotular/internal/actions/script.go:75.61,77.2 1 2
github.com/atomikpanda/dotular/internal/actions/script.go:79.57,81.31 2 3
github.com/atomikpanda/dotular/internal/actions/script.go:81.31,83.3 1 0
github.com/atomikpanda/dotular/internal/actions/script.go:84.2,88.18 5 3
github.com/atomikpanda/dotular/internal/actions/setting.go:22.43,24.2 1 1
github.com/atomikpanda/dotular/internal/actions/setting.go:26.69,27.12 1 0
github.com/atomikpanda/dotular/internal/actions/setting.go:27.12,30.3 2 0
github.com/atomikpanda/dotular/internal/actions/setting.go:31.2,31.22 1 0
github.com/atomikpanda/dotular/internal/actions/setting.go:32.16,33.58 1 0
github.com/atomikpanda/dotular/internal/actions/setting.go:34.17,35.73 1 0
github.com/atomikpanda/dotular/internal/actions/setting.go:36.10,37.77 1 0
github.com/atomikpanda/dotular/internal/actions/setting.go:41.82,47.2 5 0
github.com/atomikpanda/dotular/internal/actions/setting.go:49.55,50.27 1 6
github.com/atomikpanda/dotular/internal/actions/setting.go:51.12,52.40 1 2
github.com/atomikpanda/dotular/internal/actions/setting.go:53.11,54.33 1 1
github.com/atomikpanda/dotular/internal/actions/setting.go:55.15,56.55 1 1
github.com/atomikpanda/dotular/internal/actions/setting.go:57.14,58.22 1 1
github.com/atomikpanda/dotular/internal/actions/setting.go:59.10,60.41 1 1
github.com/atomikpanda/dotular/internal/runner/runner.go:40.67,54.2 4 2
github.com/atomikpanda/dotular/internal/runner/runner.go:59.54,60.39 1 2
github.com/atomikpanda/dotular/internal/runner/runner.go:60.39,61.26 1 3
github.com/atomikpanda/dotular/internal/runner/runner.go:61.26,62.17 1 1
github.com/atomikpanda/dotular/internal/runner/runner.go:62.17,64.5 1 1
github.com/atomikpanda/dotular/internal/runner/runner.go:65.4,65.12 1 1
github.com/atomikpanda/dotular/internal/runner/runner.go:67.3,67.49 1 2
github.com/atomikpanda/dotular/internal/runner/runner.go:67.49,69.4 1 0
github.com/atomikpanda/dotular/internal/runner/runner.go:71.2,71.12 1 2
github.com/atomikpanda/dotular/internal/runner/runner.go:75.76,78.98 2 15
github.com/atomikpanda/dotular/internal/runner/runner.go:78.98,80.3 1 0
github.com/atomikpanda/dotular/internal/runner/runner.go:82.2,83.27 2 15
github.com/atomikpanda/dotular/internal/runner/runner.go:83.27,86.17 3 4
github.com/atomikpanda/dotular/internal/runner/runner.go:86.17,88.4 1 0
github.com/atomikpanda/dotular/internal/runner/runner.go:91.2,93.36 2 15
github.com/atomikpanda/dotular/internal/runner/runner.go:93.36,95.54 2 1
github.com/atomikpanda/dotular/internal/runner/runner.go:95.54,97.4 1 0
github.com/atomikpanda/dotular/internal/runner/runner.go:98.3,99.18 2 1
github.com/atomikpanda/dotular/internal/runner/runner.go:101.2,101.17 1 14
github.com/atomikpanda/dotular/internal/runner/runner.go:101.17,103.3 1 3
github.com/atomikpanda/dotular/internal/runner/runner.go:105.2,105.21 1 14
github.com/atomikpanda/dotular/internal/runner/runner.go:105.21,107.3 1 0
github.com/atomikpanda/dotular/internal/runner/runner.go:109.2,109.96 1 14
github.com/atomikpanda/dotular/internal/runner/runner.go:109.96,111.3 1 0
github.com/atomikpanda/dotular/internal/runner/runner.go:112.2,112.12 1 14
github.com/atomikpanda/dotular/internal/runner/runner.go:118.77,120.39 2 1
github.com/atomikpanda/dotular/internal/runner/runner.go:120.39,121.26 1 2
github.com/atomikpanda/dotular/internal/runner/runner.go:121.26,122.12 1 1
github.com/atomikpanda/dotular/internal/runner/runner.go:124.3,125.17 2 1
github.com/atomikpanda/dotular/internal/runner/runner.go:125.17,127.4 1 0
github.com/atomikpanda/dotular/internal/runner/runner.go:128.3,128.14 1 1
github.com/atomikpanda/dotular/internal/runner/runner.go:128.14,130.4 1 0
github.com/atomikpanda/dotular/internal/runner/runner.go:132.2,132.23 1 1
github.com/atomikpanda/dotular/internal/runner/runner.go:138.99,142.33 3 3
github.com/atomikpanda/dotular/internal/runner/runner.go:142.33,143.24 1 4
github.com/atomikpanda/dotular/internal/runner/runner.go:143.24,144.17 1 1
github.com/atomikpanda/dotular/internal/runner/runner.go:144.17,146.5 1 1
github.com/atomikpanda/dotular/internal/runner/runner.go:147.4,147.12 1 1
github.com/atomikpanda/dotular/internal/runner/runner.go:150.3,151.30 2 3
github.com/atomikpanda/dotular/internal/runner/runner.go:151.30,152.12 1 0
github.com/atomikpanda/dotular/internal/runner/runner.go:155.3,157.23 3 3
github.com/atomikpanda/dotular/internal/runner/runner.go:157.23,161.4 3 1
github.com/atomikpanda/dotular/internal/runner/runner.go:161.9,163.4 1 2
github.com/atomikpanda/dotular/internal/runner/runner.go:165.3,170.5 1 3
github.com/atomikpanda/dotular/internal/runner/runner.go:172.2,172.23 1 3
github.com/atomikpanda/dotular/internal/runner/runner.go:178.100,180.33 2 15
github.com/atomikpanda/dotular/internal/runner/runner.go:180.33,182.75 2 17
github.com/atomikpanda/dotular/internal/runner/runner.go:182.75,184.9 2 1
github.com/atomikpanda/dotular/internal/runner/runner.go:188.2,188.17 1 15
github.com/atomikpanda/dotular/internal/runner/runner.go:188.17,189.97 1 1
github.com/atomikpanda/dotular/internal/runner/runner.go:189.97,191.4 1 0
github.com/atomikpanda/dotular/internal/runner/runner.go:194.2,194.33 1 15
github.com/atomikpanda/dotular/internal/runner/runner.go:194.33,195.59 1 17
github.com/atomikpanda/dotular/internal/runner/runner.go:195.59,197.4 1 1
github.com/atomikpanda/dotular/internal/runner/runner.go:200.2,200.17 1 14
github.com/atomikpanda/dotular/internal/runner/runner.go:200.17,201.95 1 1
github.com/atomikpanda/dotular/internal/runner/runner.go:201.95,203.4 1 0
github.com/atomikpanda/dotular/internal/runner/runner.go:205.2,205.12 1 14
github.com/atomikpanda/dotular/internal/runner/runner.go:208.117,210.16 2 17
github.com/atomikpanda/dotular/internal/runner/runner.go:210.16,212.3 1 0
github.com/atomikpanda/dotular/internal/runner/runner.go:213.2,213.10 1 17
github.com/atomikpanda/dotular/internal/runner/runner.go:213.10,214.16 1 1
github.com/atomikpanda/dotular/internal/runner/runner.go:214.16,216.4 1 1
github.com/atomikpanda/dotular/internal/runner/runner.go:217.3,217.13 1 1
github.com/atomikpanda/dotular/internal/runner/runner.go:221.2,221.23 1 16
github.com/atomikpanda/dotular/internal/runner/runner.go:221.23,223.17 2 1
github.com/atomikpanda/dotular/internal/runner/runner.go:223.17,225.4 1 0
github.com/atomikpanda/dotular/internal/runner/runner.go:226.3,226.16 1 1
github.com/atomikpanda/dotular/internal/runner/runner.go:226.16,227.17 1 1
github.com/atomikpanda/dotular/internal/runner/runner.go:227.17,229.5 1 1
github.com/atomikpanda/dotular/internal/runner/runner.go:230.4,231.14 2 1
github.com/atomikpanda/dotular/internal/runner/runner.go:236.2,236.49 1 15
github.com/atomikpanda/dotular/internal/runner/runner.go:236.49,238.17 2 5
github.com/atomikpanda/dotular/internal/runner/runner.go:238.17,240.4 1 0
github.com/atomikpanda/dotular/internal/runner/runner.go:241.3,241.14 1 5
github.com/atomikpanda/dotular/internal/runner/runner.go:241.14,242.17 1 1
github.com/atomikpanda/dotular/internal/runner/runner.go:242.17,244.5 1 1
github.com/atomikpanda/dotular/internal/runner/runner.go:245.4,246.14 2 1
github.com/atomikpanda/dotular/internal/runner/runner.go:251.2,253.106 3 14
github.com/atomikpanda/dotular/internal/runner/runner.go:253.106,255.3 1 0
github.com/atomikpanda/dotular/internal/runner/runner.go:256.2,256.12 1 14
github.com/atomikpanda/dotular/internal/runner/runner.go:256.12,257.105 1 1
github.com/atomikpanda/dotular/internal/runner/runner.go:257.105,259.4 1 0
github.com/atomikpanda/dotular/internal/runner/runner.go:263.2,263.39 1 14
github.com/atomikpanda/dotular/internal/runner/runner.go:263.39,264.49 1 1
github.com/atomikpanda/dotular/internal/runner/runner.go:264.49,266.48 2 1
github.com/atomikpanda/dotular/internal/runner/runner.go:266.48,268.5 1 0
github.com/atomikpanda/dotular/internal/runner/runner.go:271.2,271.44 1 14
github.com/atomikpanda/dotular/internal/runner/runner.go:271.44,272.54 1 1
github.com/atomikpanda/dotular/internal/runner/runner.go:272.54,274.48 2 1
github.com/atomikpanda/dotular/internal/runner/runner.go:274.48,276.5 1 0
github.com/atomikpanda/dotular/internal/runner/runner.go:281.2,282.72 2 14
github.com/atomikpanda/dotular/internal/runner/runner.go:282.72,283.45 1 0
github.com/atomikpanda/dotular/internal/runner/runner.go:283.45,285.4 1 0
github.com/atomikpanda/dotular/internal/runner/runner.go:288.2,291.19 3 14
github.com/atomikpanda/dotular/internal/runner/runner.go:291.19,293.3 1 1
github.com/atomikpanda/dotular/internal/runner/runner.go:294.2,296.19 2 14
github.com/atomikpanda/dotular/internal/runner/runner.go:296.19,298.3 1 1
github.com/atomikpanda/dotular/internal/runner/runner.go:301.2,301.36 1 13
github.com/atomikpanda/dotular/internal/runner/runner.go:301.36,302.53 1 1
github.com/atomikpanda/dotular/internal/runner/runner.go:302.53,304.4 1 0
github.com/atomikpanda/dotular/internal/runner/runner.go:308.2,308.12 1 13
github.com/atomikpanda/dotular/internal/runner/runner.go:308.12,309.103 1 1
github.com/atomikpanda/dotular/internal/runner/runner.go:309.103,311.4 1 0
github.com/atomikpanda/dotular/internal/runner/runner.go:313.2,313.104 1 13
github.com/atomikpanda/dotular/internal/runner/runner.go:313.104,315.3 1 0
github.com/atomikpanda/dotular/internal/runner/runner.go:317.2,317.12 1 13
github.com/atomikpanda/dotular/internal/runner/runner.go:324.57,325.45 1 18
github.com/atomikpanda/dotular/internal/runner/runner.go:325.45,327.3 1 4
github.com/atomikpanda/dotular/internal/runner/runner.go:328.2,328.34 1 14
github.com/atomikpanda/dotular/internal/runner/runner.go:331.100,333.43 1 35
github.com/atomikpanda/dotular/internal/runner/runner.go:333.43,334.49 1 6
github.com/atomikpanda/dotular/internal/runner/runner.go:334.49,336.4 1 6
github.com/atomikpanda/dotular/internal/runner/runner.go:337.3,337.14 1 0
github.com/atomikpanda/dotular/internal/runner/runner.go:339.2,339.21 1 35
github.com/atomikpanda/dotular/internal/runner/runner.go:340.17,341.30 1 4
github.com/atomikpanda/dotular/internal/runner/runner.go:341.30,343.4 1 2
github.com/atomikpanda/dotular/internal/runner/runner.go:344.3,344.86 1 2
github.com/atomikpanda/dotular/internal/runner/runner.go:346.16,347.79 1 3
github.com/atomikpanda/dotular/internal/runner/runner.go:349.14,351.17 2 5
github.com/atomikpanda/dotular/internal/runner/runner.go:351.17,353.4 1 1
github.com/atomikpanda/dotular/internal/runner/runner.go:354.3,362.16 1 4
github.com/atomikpanda/dotular/internal/runner/runner.go:364.19,366.17 2 3
github.com/atomikpanda/dotular/internal/runner/runner.go:366.17,368.4 1 1
github.com/atomikpanda/dotular/internal/runner/runner.go:369.3,375.16 1 2
github.com/atomikpanda/dotular/internal/runner/runner.go:377.16,379.22 2 3
github.com/atomikpanda/dotular/internal/runner/runner.go:379.22,381.4 1 1
github.com/atomikpanda/dotular/internal/runner/runner.go:382.3,383.22 2 2
github.com/atomikpanda/dotular/internal/runner/runner.go:383.22,385.4 1 2
github.com/atomikpanda/dotular/internal/runner/runner.go:386.3,391.16 1 2
github.com/atomikpanda/dotular/internal/runner/runner.go:393.13,394.78 1 15
github.com/atomikpanda/dotular/internal/runner/runner.go:396.17,401.16 1 1
github.com/atomikpanda/dotular/internal/runner/runner.go:403.10,404.74 1 1
github.com/atomikpanda/dotular/internal/runner/runner.go:410.54,412.2 1 10
github.com/atomikpanda/dotular/internal/runner/runner.go:414.51,417.2 2 8
github.com/atomikpanda/dotular/internal/runner/runner.go:419.88,420.15 1 63
github.com/atomikpanda/dotular/internal/runner/runner.go:420.15,422.3 1 53
github.com/atomikpanda/dotular/internal/runner/runner.go:423.2,423.14 1 10
github.com/atomikpanda/dotular/internal/runner/runner.go:423.14,426.3 2 7
github.com/atomikpanda/dotular/internal/runner/runner.go:427.2,427.15 1 3
github.com/atomikpanda/dotular/internal/runner/runner.go:427.15,429.3 1 3
github.com/atomikpanda/dotular/internal/runner/runner.go:430.2,430.44 1 3
github.com/atomikpanda/dotular/internal/runner/runner.go:430.44,432.3 1 0
github.com/atomikpanda/dotular/internal/runner/runner.go:433.2,433.12 1 3
github.com/atomikpanda/dotular/internal/runner/runner.go:436.56,438.16 1 9
github.com/atomikpanda/dotular/internal/runner/runner.go:438.16,440.44 2 5
github.com/atomikpanda/dotular/internal/runner/runner.go:440.44,442.4 1 1
github.com/atomikpanda/dotular/internal/runner/runner.go:443.3,443.45 1 5
github.com/atomikpanda/dotular/internal/runner/runner.go:443.45,448.4 1 4
github.com/atomikpanda/dotular/internal/runner/runner.go:451.2,451.53 1 5
github.com/atomikpanda/dotular/internal/runner/runner.go:451.53,453.3 1 1
github.com/atomikpanda/dotular/internal/runner/runner.go:454.2,454.55 1 4
github.com/atomikpanda/dotular/internal/runner/runner.go:454.55,456.3 1 1
github.com/atomikpanda/dotular/internal/runner/runner.go:457.2,457.12 1 3
github.com/atomikpanda/dotular/internal/runner/runner.go:460.33,462.30 2 2
github.com/atomikpanda/dotular/internal/runner/runner.go:462.30,464.3 1 0
github.com/atomikpanda/dotular/internal/runner/runner.go:465.2,465.17 1 2
github.com/atomikpanda/dotular/internal/template/template.go:16.62,18.16 2 9
github.com/atomikpanda/dotular/internal/template/template.go:18.16,20.3 1 1
github.com/atomikpanda/dotular/internal/template/template.go:21.2,22.48 2 8
github.com/atomikpanda/dotular/internal/template/template.go:22.48,24.3 1 0
github.com/atomikpanda/dotular/internal/template/template.go:25.2,25.26 1 8
github.com/atomikpanda/dotular/internal/template/template.go:32.79,33.22 1 4
github.com/atomikpanda/dotular/internal/template/template.go:33.22,35.3 1 2
github.com/atomikpanda/dotular/internal/template/template.go:37.2,38.16 2 2
github.com/atomikpanda/dotular/internal/template/template.go:38.16,40.3 1 0
github.com/atomikpanda/dotular/internal/template/template.go:42.2,43.16 2 2
github.com/atomikpanda/dotular/internal/template/template.go:43.16,45.3 1 0
github.com/atomikpanda/dotular/internal/template/template.go:47.2,48.66 2 2
github.com/atomikpanda/dotular/internal/template/template.go:48.66,50.3 1 0
github.com/atomikpanda/dotular/internal/template/template.go:51.2,51.20 1 2
